make all --print-data-base --no-builtin-variables --no-builtin-rules --question
# GNU Make 3.81
# Copyright (C) 2006  Free Software Foundation, Inc.
# This is free software; see the source for copying conditions.
# There is NO warranty; not even for MERCHANTABILITY or FITNESS FOR A
# PARTICULAR PURPOSE.

# This program built for i386-apple-darwin11.3.0
 

# Make data base, printed on Thu Sep  8 15:45:04 2022

# Variables

# automatic
<D = $(patsubst %/,%,$(dir $<))
# automatic
?F = $(notdir $?)
# environment
VIRTUALENVWRAPPER_PROJECT_FILENAME = .project
# automatic
?D = $(patsubst %/,%,$(dir $?))
# automatic
@D = $(patsubst %/,%,$(dir $@))
# automatic
@F = $(notdir $@)
# makefile
CURDIR := /Users/haoranwang/Desktop/gps-sdr-sim
# makefile (from `Makefile', line 6)
SHELL = /bin/bash
# environment
VSCODE_NLS_CONFIG = {"locale":"en-us","availableLanguages":{},"_languagePackSupport":true}
# makefile (from `Makefile', line 40)
Y = $(patsubst 20%,%,$(YEAR))
# environment
_ = /usr/bin/make
# makefile (from `Makefile', line 8)
CFLAGS = -O3 -Wall -D_FILE_OFFSET_BITS=64
# makefile (from `Makefile', line 1)
MAKEFILE_LIST :=  Makefile
# environment
__CFBundleIdentifier = com.microsoft.VSCode
# environment
VSCODE_CWD = /
# environment
PATH = /opt/local/bin:/opt/local/sbin:/usr/local/bin:/usr/bin:/bin:/usr/sbin:/sbin:/Library/TeX/texbin:/opt/X11/bin
# makefile (from `Makefile', line 39)
YEAR = $(shell date +"%Y")
# environment
LSCOLORS = Gxfxcxdxbxegedabagacad
# environment
VSCODE_HANDLES_UNCAUGHT_ERRORS = true
# environment
VIRTUALENVWRAPPER_PYTHON = /usr/local/bin/python3
# environment
ELECTRON_RUN_AS_NODE = 1
# makefile (from `Makefile', line 12)
LDFLAGS = -lm
# default
.FEATURES := target-specific order-only second-expansion else-if archives jobserver check-symlink
# environment
VIRTUALENVWRAPPER_HOOK_DIR = /Users/haoranwang/.virtualenvs
# environment
SSH_AUTH_SOCK = /private/tmp/com.apple.launchd.GAhp5j4HNB/Listeners
# automatic
%F = $(notdir $%)
# environment
DISPLAY = /private/tmp/com.apple.launchd.hKmSwzKa8E/org.xquartz:0
# environment
VIRTUALENVWRAPPER_VIRTUALENV = /usr/local/bin/virtualenv
# environment
PWD = /Users/haoranwang/Desktop/gps-sdr-sim
# environment
ORIGINAL_XDG_CURRENT_DESKTOP = undefined
# environment
VSCODE_AMD_ENTRYPOINT = vs/workbench/api/node/extensionHostProcess
# environment
HOME = /Users/haoranwang
# default
MAKEFILEPATH = $(shell /usr/bin/xcode-select -print-path 2>/dev/null || echo /Developer)/Makefiles
# environment
VSCODE_CODE_CACHE_PATH = /Users/haoranwang/Library/Application Support/Code/CachedData/784b0177c56c607789f9638da7b6bf3230d47a8c
# environment
LOGNAME = haoranwang
# environment
APPLICATION_INSIGHTS_NO_DIAGNOSTIC_CHANNEL = 1
# environment
ZSH = /Users/haoranwang/.oh-my-zsh
# environment
WORKON_HOME = /Users/haoranwang/.virtualenvs
# automatic
^D = $(patsubst %/,%,$(dir $^))
# environment
XPC_FLAGS = 0x0
# default
MAKE = $(MAKE_COMMAND)
# default
MAKECMDGOALS := all
# environment
SHLVL = 1
# makefile (from `Makefile', line 7)
CC = gcc
# default
MAKE_VERSION := 3.81
# environment
USER = haoranwang
# makefile
.DEFAULT_GOAL := all
# environment
LESS = -R
# automatic
%D = $(patsubst %/,%,$(dir $%))
# default
MAKE_COMMAND := /Library/Developer/CommandLineTools/usr/bin/make
# default
.VARIABLES := 
# environment
TMPDIR = /var/folders/6v/xccdc1bj2j3915zy059lqh7m0000gn/T/
# automatic
*F = $(notdir $*)
# environment
VSCODE_IPC_HOOK = /Users/haoranwang/Library/Application Support/Code/1.71.0-main.sock
# environment
MallocNanoZone = 0
# makefile
MAKEFLAGS = Rrqp
# environment
MFLAGS = -Rrqp
# automatic
*D = $(patsubst %/,%,$(dir $*))
# environment
XPC_SERVICE_NAME = application.com.microsoft.VSCode.16639717.16639723
# automatic
+D = $(patsubst %/,%,$(dir $+))
# automatic
+F = $(notdir $+)
# environment
__CF_USER_TEXT_ENCODING = 0x1F5:0x0:0x0
# environment
COMMAND_MODE = unix2003
# default
MAKEFILES := 
# environment
VIRTUALENVWRAPPER_WORKON_CD = 1
# automatic
<F = $(notdir $<)
# environment
VIRTUALENVWRAPPER_SCRIPT = /usr/local/bin/virtualenvwrapper.sh
# environment
PAGER = less
# environment
LC_ALL = C
# automatic
^F = $(notdir $^)
# default
SUFFIXES := 
# default
.INCLUDE_DIRS = /usr/local/include
# environment
MAKELEVEL := 0
# environment
LANG = C
# environment
VSCODE_PID = 42502
# variable set hash-table stats:
# Load=75/1024=7%, Rehash=0, Collisions=2/111=2%

# Pattern-specific Variable Values

# No pattern-specific variable values.

# Directories

# . (device 16777229, inode 8245515): 30 files, no impossibilities.

# 30 files, no impossibilities in 1 directories.

# Implicit Rules

%.22n:
#  commands to execute (from `Makefile', line 42):
	wget -q ftp://cddis.gsfc.nasa.gov/gnss/data/daily/$(YEAR)/brdc/$@.Z -O $@.Z
	uncompress $@.Z
	

# 1 implicit rules, 0 (0.0%) terminal.

# Files

all: gps-sdr-sim
#  Phony target (prerequisite of .PHONY).
#  Command-line target.
#  Implicit rule search has not been done.
#  File does not exist.
#  File has been updated.
#  Needs to be updated (-q is set).
# variable set hash-table stats:
# Load=0/32=0%, Rehash=0, Collisions=0/5=0%

.PHONY: all clean time
#  Implicit rule search has not been done.
#  Modification time never checked.
#  File has not been updated.

# Not a target:
.SUFFIXES:
#  Implicit rule search has not been done.
#  Modification time never checked.
#  File has not been updated.

# Not a target:
Makefile:
#  Implicit rule search has been done.
#  Last modified 2022-05-06 14:55:41
#  File has been updated.
#  Successfully updated.
# variable set hash-table stats:
# Load=0/32=0%, Rehash=0, Collisions=0/0=0%

gps-sdr-sim: gpssim.o
#  Implicit rule search has not been done.
#  Last modified 2022-06-08 14:17:36
#  File has been updated.
#  Needs to be updated (-q is set).
# variable set hash-table stats:
# Load=0/32=0%, Rehash=0, Collisions=0/5=0%
#  commands to execute (from `Makefile', line 15):
	${CC} $< ${LDFLAGS} -o $@
	

gpssim.o: .user-motion-size gpssim.h
#  Implicit rule search has been done.
#  File does not exist.
#  File has been updated.
#  Needs to be updated (-q is set).
# variable set hash-table stats:
# Load=0/32=0%, Rehash=0, Collisions=0/5=0%

time: gps-sdr-sim
#  Phony target (prerequisite of .PHONY).
#  Implicit rule search has not been done.
#  File does not exist.
#  File has not been updated.
#  commands to execute (from `Makefile', line 33):
	time ./gps-sdr-sim -e brdc3540.14n -u circle.csv -b 1
	time ./gps-sdr-sim -e brdc3540.14n -u circle.csv -b 8
	time ./gps-sdr-sim -e brdc3540.14n -u circle.csv -b 16
	

# Not a target:
.DEFAULT:
#  Implicit rule search has not been done.
#  Modification time never checked.
#  File has not been updated.

clean:
#  Phony target (prerequisite of .PHONY).
#  Implicit rule search has not been done.
#  File does not exist.
#  File has not been updated.
#  commands to execute (from `Makefile', line 30):
	rm -f gpssim.o gps-sdr-sim *.bin .user-motion-size
	

.user-motion-size: .FORCE
#  Implicit rule search has not been done.
#  Implicit/static pattern stem: `'
#  File does not exist.
#  File has been updated.
#  Needs to be updated (-q is set).
# automatic
# @ := .user-motion-size
# automatic
# % := 
# automatic
# * := 
# automatic
# + := .FORCE
# automatic
# | := 
# automatic
# < := .FORCE
# automatic
# ^ := .FORCE
# automatic
# ? := .FORCE
# variable set hash-table stats:
# Load=8/32=25%, Rehash=0, Collisions=1/13=8%
#  commands to execute (from `Makefile', line 20):
	@if [ -f .user-motion-size ]; then \
	if [ "`cat .user-motion-size`" != "$(USER_MOTION_SIZE)" ]; then \
	echo "Updating .user-motion-size"; \
	echo "$(USER_MOTION_SIZE)" >| .user-motion-size; \
	fi; \
	else \
	echo "$(USER_MOTION_SIZE)" > .user-motion-size; \
	fi;
	

# Not a target:
gpssim.h:
#  Implicit rule search has not been done.
#  Modification time never checked.
#  File has not been updated.

.FORCE:
#  Implicit rule search has been done.
#  File does not exist.
#  File has been updated.
#  Successfully updated.
# variable set hash-table stats:
# Load=0/32=0%, Rehash=0, Collisions=0/0=0%

# files hash-table stats:
# Load=12/1024=1%, Rehash=0, Collisions=0/35=0%
# VPATH Search Paths

# No `vpath' search paths.

# No general (`VPATH' variable) search path.

# # of strings in strcache: 1
# # of strcache buffers: 1
# strcache size: total = 4096 / max = 4096 / min = 4096 / avg = 4096
# strcache free: total = 4087 / max = 4087 / min = 4087 / avg = 4087

# Finished Make data base on Thu Sep  8 15:45:04 2022

 
